<?xml version="1.0" encoding="UTF-8"?>
<!-- Generated by org.testng.reporters.JUnitReportReporter -->
<testsuite hostname="Vinod-KN" failures="0" tests="1" name="com.jenkins.test123" time="0.006" errors="0" timestamp="2024-08-23T13:41:36 IST" skipped="0">
  <testcase classname="com.jenkins.test123" name="verifyTest" time="0.006"/>
  <system-out/>
</testsuite> <!-- com.jenkins.test123 -->
